<?xml version="1.0" encoding="UTF-8"?>
<GCMApplication
	xmlns="urn:gcm:application:1.0"
	xmlns:xsi="http://www.w3.org/2001/XMLSchema-instance"
	xsi:schemaLocation="urn:gcm:application:1.0 http://proactive.inria.fr/schemas/gcm/1.0/ApplicationDescriptorSchema.xsd">

	<environment>
		<javaPropertyVariable name="proactive.home"/>
		<javaPropertyVariable name="java.home"/>

		<descriptorDefaultVariable name="deploymentDescriptor" value="dataSpaces.xml" />
		<descriptorDefaultVariable name="jvmargDefinedByTest" value=" "/>
		<programVariable name="JVM_PARAMETERS"/>
		<programVariable name="INPUT_DEFAULT_WITH_DIR_URL"/>
		<programVariable name="INPUT_WITH_DIR_URL"/>
		<programVariable name="INPUT_WITH_FILE_URL"/>
		<programVariable name="OUTPUT_DEFAULT_WITH_DIR_URL"/>
		<programVariable name="OUTPUT_WITH_DIR_URL"/>
		<programVariable name="OUTPUT_WITH_FILE_URL"/>
		<programVariable name="OUTPUT_WITH_NOTHING1_URL"/>		
		<programVariable name="OUTPUT_WITH_NOTHING2_URL"/>
	</environment>
	
	<application>
		
		<proactive relpath="${proactive.home}" base="root">
			<configuration>
				<java base="root" relpath="${java.home}/bin/java"/>		
				<jvmarg value="${JVM_PARAMETERS}"/>
				<jvmarg value="${jvmargDefinedByTest}"/>
				<jvmarg value="-Dclover.initstring=&quot;${proactive.home}/compile/ProActiveCoverage.db&quot;"/>
				<proactiveClasspath type="append">
					<pathElement base="proactive" relpath="classes/Tests"/>
					<pathElement base="proactive" relpath="dist/lib/clover.jar"/>
					<pathElement base="proactive" relpath="dist/lib/ibis-1.4.jar"/>
				</proactiveClasspath>	
<!--				<log4jProperties base="proactive" relpath="compile/proactive-log4j"/> -->
		      <!--   <proactiveSecurity>
		          <applicationPolicy base="proactive" relpath="descriptors/security/applicationPolicy1.xml"/>
		          <runtimePolicy base="proactive" relpath="descriptors/security/applicationPolicy1.xml"/>
		       </proactiveSecurity> -->
			</configuration>
			
			<virtualNode id="nodes">
				<nodeProvider refid="remote" />
			</virtualNode>
			<data>
				<inputDefault>
					<remoteAccess url="${INPUT_DEFAULT_WITH_DIR_URL}" />
					<!--  difficult to test locally:
					<location hostname="${INPUT_DEFAULT_HOSTNAME}" path="${INPUT_DEFAULT_WITH_DIR_PATH}" />  -->
				</inputDefault>
				<input id="input_with_dir">
					<remoteAccess url="${INPUT_WITH_DIR_URL}" />
				</input>
				<input id="input_with_file">
					<remoteAccess url="${INPUT_WITH_FILE_URL}" />
				</input>
				<outputDefault>
					<remoteAccess url="${OUTPUT_DEFAULT_WITH_DIR_URL}" />
				</outputDefault>
				<output id="output_with_dir">
					<remoteAccess url="${OUTPUT_WITH_DIR_URL}" />
				</output>
				<output id="output_with_file">
					<remoteAccess url="${OUTPUT_WITH_FILE_URL}" />
				</output>
				<output id="output_with_nothing1">
					<remoteAccess url="${OUTPUT_WITH_NOTHING1_URL}" />
				</output>
				<output id="output_with_nothing2">
					<remoteAccess url="${OUTPUT_WITH_NOTHING2_URL}" />
				</output>
			</data>
		</proactive>
	</application>

	<resources>	
		<nodeProvider id="remote">
			<file path="${deploymentDescriptor}"/>
		</nodeProvider>
	</resources>
</GCMApplication>
