<?xml version="1.0" encoding="UTF-8"?>
<GCMApplication
	xmlns="urn:gcm:application:1.0"
	xmlns:xsi="http://www.w3.org/2001/XMLSchema-instance"
	xsi:schemaLocation="urn:gcm:application:1.0 http://proactive.inria.fr/schemas/gcm/1.0/ApplicationDescriptorSchema.xsd">

	<environment>
		<javaPropertyVariable name="proactive.home"/>
		<javaPropertyVariable name="java.home"/>

		<descriptorDefaultVariable name="deploymentDescriptor" value="localhost/generic.xml" />
		<descriptorDefaultVariable name="jvmargDefinedByTest" value=" "/>
		<programVariable name="JVM_PARAMETERS"/>
	</environment>
	
	<application>
		
		<proactive relpath="${proactive.home}" base="root">
			<configuration>
				<java base="root" relpath="${java.home}/bin/java"/>		
				<jvmarg value="${JVM_PARAMETERS}"/>
				<jvmarg value="${jvmargDefinedByTest}"/>
				<jvmarg value="-Dclover.initstring=&quot;${proactive.home}/compile/ProActiveCoverage.db&quot;"/>
				<jvmarg value="-Dproactive.home=&quot;${proactive.home}&quot;"/>
                <jvmarg value="-Djava.security.egd=file:/dev/urandom"/>
				<proactiveClasspath type="append">
					<pathElement base="proactive" relpath="classes/Tests"/>
					<pathElement base="proactive" relpath="dist/lib/clover.jar"/>
					<pathElement base="proactive" relpath="dist/lib/ibis-1.4.jar"/>
				</proactiveClasspath>	
<!--				<log4jProperties base="proactive" relpath="compile/proactive-log4j"/> -->
		      <!--   <proactiveSecurity>
		          <applicationPolicy base="proactive" relpath="descriptors/security/applicationPolicy1.xml"/>
		          <runtimePolicy base="proactive" relpath="descriptors/security/applicationPolicy1.xml"/>
		       </proactiveSecurity> -->
			</configuration>
			
			<virtualNode id="nodes">
				<nodeProvider refid="remote" />
			</virtualNode>
		</proactive>
	</application>

	<resources>	
		<nodeProvider id="remote">
			<file path="${deploymentDescriptor}"/>
		</nodeProvider>
	</resources>
</GCMApplication>
